SFTJ_0_BEGIN	
SFTJ_0_DONE	0.012s
SFTJ_1_BEGIN	
SFTJ_1_DONE	0.011s
SFTJ_2_BEGIN	
SFTJ_2_DONE	0.010s
	已经写入过。期数: 190307047, 开奖号码: 2,8,1,6,3
SFTJ_0_BEGIN	
SFTJ_0_DONE	0.011s
SFTJ_0_BEGIN	
SFTJ_0_DONE	0.011s
SFTJ_0_BEGIN	
SFTJ_0_DONE	0.010s
SFTJ_0_BEGIN	
SFTJ_0_DONE	0.011s
SFTJ_0_BEGIN	
SFTJ_0_DONE	0.010s
	已经写入过。期数: 190307047, 开奖号码: 2,8,1,6,3
SFTJ_0_BEGIN	
SFTJ_0_DONE	0.010s
SFTJ_0_BEGIN	
SFTJ_0_DONE	0.011s
SFTJ_0_BEGIN	
SFTJ_0_DONE	0.011s
SFTJ_0_BEGIN	
SFTJ_0_DONE	0.011s
SFTJ_1_BEGIN	
SFTJ_1_DONE	0.010s
SFTJ_2_BEGIN	
SFTJ_2_DONE	0.010s
SFTJ_0_BEGIN	
SFTJ_0_DONE	0.011s
	已经写入过。期数: 190307047, 开奖号码: 2,8,1,6,3
SFTJ_0_BEGIN	
SFTJ_0_DONE	0.017s
SFTJ_0_BEGIN	
SFTJ_0_DONE	0.010s
SFTJ_0_BEGIN	
SFTJ_0_DONE	0.011s
SFTJ_0_BEGIN	
SFTJ_0_DONE	0.011s
SFTJ_0_BEGIN	
SFTJ_0_DONE	0.012s
	已经写入过。期数: 190307047, 开奖号码: 2,8,1,6,3
SFTJ_0_BEGIN	
SFTJ_0_DONE	0.011s
SFTJ_0_BEGIN	
SFTJ_0_DONE	0.011s
SFTJ_0_BEGIN	
SFTJ_0_DONE	0.010s
SFTJ_0_BEGIN	
SFTJ_0_DONE	0.011s
SFTJ_1_BEGIN	
SFTJ_1_DONE	0.011s
SFTJ_2_BEGIN	
SFTJ_2_DONE	0.010s
SFTJ_0_BEGIN	
SFTJ_0_DONE	0.012s
	已经写入过。期数: 190307047, 开奖号码: 2,8,1,6,3
SFTJ_0_BEGIN	
SFTJ_0_DONE	0.010s
SFTJ_0_BEGIN	
SFTJ_0_DONE	0.010s
SFTJ_0_BEGIN	
SFTJ_0_DONE	0.011s
SFTJ_0_BEGIN	
SFTJ_0_DONE	0.010s
SFTJ_0_BEGIN	
SFTJ_0_DONE	0.010s
	已经写入过。期数: 190307047, 开奖号码: 2,8,1,6,3
SFTJ_0_BEGIN	
SFTJ_0_DONE	0.011s
SFTJ_0_BEGIN	
SFTJ_0_DONE	0.010s
SFTJ_0_BEGIN	
SFTJ_0_DONE	0.011s
SFTJ_0_BEGIN	
SFTJ_0_DONE	0.011s
SFTJ_1_BEGIN	
SFTJ_1_DONE	0.011s
SFTJ_2_BEGIN	
SFTJ_2_DONE	0.010s
SFTJ_0_BEGIN	
SFTJ_0_DONE	0.012s
	已经写入过。期数: 190307047, 开奖号码: 2,8,1,6,3
SFTJ_0_BEGIN	
SFTJ_0_DONE	0.011s
SFTJ_0_BEGIN	
SFTJ_0_DONE	0.011s
SFTJ_0_BEGIN	
SFTJ_0_DONE	0.011s
SFTJ_0_BEGIN	
SFTJ_0_DONE	0.012s
SFTJ_0_BEGIN	
SFTJ_0_DONE	0.012s
	已经写入过。期数: 190307047, 开奖号码: 2,8,1,6,3
SFTJ_0_BEGIN	
SFTJ_0_DONE	0.010s
SFTJ_0_BEGIN	
SFTJ_0_DONE	0.016s
SFTJ_0_BEGIN	
SFTJ_0_DONE	0.011s
SFTJ_0_BEGIN	
SFTJ_0_DONE	0.011s
SFTJ_1_BEGIN	
SFTJ_1_DONE	0.010s
SFTJ_2_BEGIN	
SFTJ_2_DONE	0.010s
SFTJ_0_BEGIN	
SFTJ_0_DONE	0.011s
	已经写入过。期数: 190307047, 开奖号码: 2,8,1,6,3
SFTJ_0_BEGIN	
SFTJ_0_DONE	0.011s
SFTJ_0_BEGIN	
SFTJ_0_DONE	0.010s
SFTJ_0_BEGIN	
SFTJ_0_DONE	0.011s
SFTJ_0_BEGIN	
SFTJ_0_DONE	0.010s
SFTJ_0_BEGIN	
SFTJ_0_DONE	0.012s
	已经写入过。期数: 190307047, 开奖号码: 2,8,1,6,3
SFTJ_0_BEGIN	
SFTJ_0_DONE	0.011s
SFTJ_0_BEGIN	
SFTJ_0_DONE	0.013s
SFTJ_0_BEGIN	
SFTJ_0_DONE	0.010s
SFTJ_0_BEGIN	
SFTJ_0_DONE	0.010s
SFTJ_1_BEGIN	
SFTJ_1_DONE	0.011s
SFTJ_2_BEGIN	
SFTJ_2_DONE	0.010s
SFTJ_0_BEGIN	
SFTJ_0_DONE	0.010s
	已经写入过。期数: 190307047, 开奖号码: 2,8,1,6,3
SFTJ_0_BEGIN	
SFTJ_0_DONE	0.011s
SFTJ_0_BEGIN	
SFTJ_0_DONE	0.011s
SFTJ_0_BEGIN	
SFTJ_0_DONE	0.011s
SFTJ_0_BEGIN	
SFTJ_0_DONE	0.010s
SFTJ_0_BEGIN	
SFTJ_0_DONE	0.012s
	已经写入过。期数: 190307047, 开奖号码: 2,8,1,6,3
SFTJ_0_BEGIN	
SFTJ_0_DONE	0.011s
SFTJ_0_BEGIN	
SFTJ_0_DONE	0.012s
SFTJ_0_BEGIN	
SFTJ_0_DONE	0.010s
SFTJ_0_BEGIN	
SFTJ_0_DONE	0.010s
SFTJ_1_BEGIN	
SFTJ_1_DONE	0.011s
SFTJ_2_BEGIN	
SFTJ_2_DONE	0.010s
SFTJ_0_BEGIN	
SFTJ_0_DONE	0.012s
	已经写入过。期数: 190307047, 开奖号码: 2,8,1,6,3
SFTJ_0_BEGIN	
SFTJ_0_DONE	0.010s
SFTJ_0_BEGIN	
SFTJ_0_DONE	0.010s
SFTJ_0_BEGIN	
SFTJ_0_DONE	0.010s
SFTJ_0_BEGIN	
SFTJ_0_DONE	0.010s
SFTJ_0_BEGIN	
SFTJ_0_DONE	0.012s
	已经写入过。期数: 190307047, 开奖号码: 2,8,1,6,3
SFTJ_0_BEGIN	
SFTJ_0_DONE	0.010s
SFTJ_0_BEGIN	
SFTJ_0_DONE	0.010s
SFTJ_0_BEGIN	
SFTJ_0_DONE	0.011s
SFTJ_0_BEGIN	
SFTJ_0_DONE	0.010s
SFTJ_1_BEGIN	
SFTJ_1_DONE	0.013s
SFTJ_2_BEGIN	
SFTJ_2_DONE	0.011s
SFTJ_0_BEGIN	
SFTJ_0_DONE	0.012s
	已经写入过。期数: 190307047, 开奖号码: 2,8,1,6,3
SFTJ_0_BEGIN	
SFTJ_0_DONE	0.010s
SFTJ_0_BEGIN	
SFTJ_0_DONE	0.011s
SFTJ_0_BEGIN	
SFTJ_0_DONE	0.012s
SFTJ_0_BEGIN	
SFTJ_0_DONE	0.010s
SFTJ_0_BEGIN	
SFTJ_0_DONE	0.012s
SFTJ_0_BEGIN	
SFTJ_0_DONE	0.010s
	已经写入过。期数: 190307047, 开奖号码: 2,8,1,6,3
SFTJ_0_BEGIN	
SFTJ_0_DONE	0.011s
SFTJ_0_BEGIN	
SFTJ_0_DONE	0.011s
SFTJ_0_BEGIN	
SFTJ_0_DONE	0.010s
SFTJ_1_BEGIN	
SFTJ_1_DONE	0.010s
SFTJ_2_BEGIN	
SFTJ_2_DONE	0.010s
SFTJ_0_BEGIN	
SFTJ_0_DONE	0.011s
SFTJ_0_BEGIN	
SFTJ_0_DONE	0.010s
	已经写入过。期数: 190307047, 开奖号码: 2,8,1,6,3
SFTJ_0_BEGIN	
SFTJ_0_DONE	0.011s
SFTJ_0_BEGIN	
SFTJ_0_DONE	0.011s
SFTJ_0_BEGIN	
SFTJ_0_DONE	0.010s
SFTJ_0_BEGIN	
SFTJ_0_DONE	0.011s
SFTJ_0_BEGIN	
SFTJ_0_DONE	0.011s
	已经写入过。期数: 190307047, 开奖号码: 2,8,1,6,3
SFTJ_0_BEGIN	
SFTJ_0_DONE	0.010s
SFTJ_0_BEGIN	
SFTJ_0_DONE	0.011s
SFTJ_0_BEGIN	
SFTJ_0_DONE	0.010s
SFTJ_1_BEGIN	
SFTJ_1_DONE	0.010s
SFTJ_2_BEGIN	
SFTJ_2_DONE	0.013s
SFTJ_0_BEGIN	
SFTJ_0_DONE	0.012s
SFTJ_0_BEGIN	
SFTJ_0_DONE	0.013s
	已经写入过。期数: 190307047, 开奖号码: 2,8,1,6,3
SFTJ_0_BEGIN	
SFTJ_0_DONE	0.010s
SFTJ_0_BEGIN	
SFTJ_0_DONE	0.010s
SFTJ_0_BEGIN	
SFTJ_0_DONE	0.011s
SFTJ_0_BEGIN	
SFTJ_0_DONE	0.014s
SFTJ_0_BEGIN	
SFTJ_0_DONE	0.010s
	已经写入过。期数: 190307047, 开奖号码: 2,8,1,6,3
SFTJ_0_BEGIN	
SFTJ_0_DONE	0.011s
SFTJ_0_BEGIN	
SFTJ_0_DONE	0.011s
SFTJ_0_BEGIN	
SFTJ_0_DONE	0.010s
SFTJ_1_BEGIN	
SFTJ_1_DONE	0.010s
SFTJ_2_BEGIN	
SFTJ_2_DONE	0.009s
SFTJ_0_BEGIN	
SFTJ_0_DONE	0.012s
SFTJ_0_BEGIN	
SFTJ_0_DONE	0.011s
	已经写入过。期数: 190307047, 开奖号码: 2,8,1,6,3
SFTJ_0_BEGIN	
SFTJ_0_DONE	0.011s
SFTJ_0_BEGIN	
SFTJ_0_DONE	0.011s
SFTJ_0_BEGIN	
SFTJ_0_DONE	0.010s
SFTJ_0_BEGIN	
SFTJ_0_DONE	0.012s
SFTJ_0_BEGIN	
SFTJ_0_DONE	0.011s
	已经写入过。期数: 190307047, 开奖号码: 2,8,1,6,3
SFTJ_0_BEGIN	
SFTJ_0_DONE	0.011s
SFTJ_0_BEGIN	
SFTJ_0_DONE	0.011s
SFTJ_0_BEGIN	
SFTJ_0_DONE	0.011s
SFTJ_1_BEGIN	
SFTJ_1_DONE	0.010s
SFTJ_2_BEGIN	
SFTJ_2_DONE	0.010s
SFTJ_0_BEGIN	
SFTJ_0_DONE	0.012s
SFTJ_0_BEGIN	
SFTJ_0_DONE	0.010s
	已经写入过。期数: 190307047, 开奖号码: 2,8,1,6,3
SFTJ_0_BEGIN	
SFTJ_0_DONE	0.010s
SFTJ_0_BEGIN	
SFTJ_0_DONE	0.011s
SFTJ_0_BEGIN	
SFTJ_0_DONE	0.010s
SFTJ_0_BEGIN	
SFTJ_0_DONE	0.013s
SFTJ_0_BEGIN	
SFTJ_0_DONE	0.011s
	已经写入过。期数: 190307047, 开奖号码: 2,8,1,6,3
SFTJ_0_BEGIN	
SFTJ_0_DONE	0.010s
SFTJ_0_BEGIN	
SFTJ_0_DONE	0.010s
SFTJ_1_BEGIN	
SFTJ_1_DONE	0.010s
SFTJ_2_BEGIN	
SFTJ_2_DONE	0.010s
SFTJ_0_BEGIN	
SFTJ_0_DONE	0.010s
SFTJ_0_BEGIN	
SFTJ_0_DONE	0.012s
SFTJ_0_BEGIN	
SFTJ_0_DONE	0.010s
	已经写入过。期数: 190307047, 开奖号码: 2,8,1,6,3
SFTJ_0_BEGIN	
SFTJ_0_DONE	0.010s
SFTJ_0_BEGIN	
SFTJ_0_DONE	0.011s
SFTJ_0_BEGIN	
SFTJ_0_DONE	0.010s
SFTJ_0_BEGIN	
SFTJ_0_DONE	0.012s
SFTJ_0_BEGIN	
SFTJ_0_DONE	0.011s
	已经写入过。期数: 190307047, 开奖号码: 2,8,1,6,3
SFTJ_0_BEGIN	
SFTJ_0_DONE	0.010s
SFTJ_0_BEGIN	
SFTJ_0_DONE	0.011s
SFTJ_1_BEGIN	
SFTJ_1_DONE	0.011s
SFTJ_2_BEGIN	
SFTJ_2_DONE	0.010s
SFTJ_0_BEGIN	
SFTJ_0_DONE	0.011s
SFTJ_0_BEGIN	
SFTJ_0_DONE	0.016s
SFTJ_0_BEGIN	
SFTJ_0_DONE	0.011s
	已经写入过。期数: 190307047, 开奖号码: 2,8,1,6,3
SFTJ_0_BEGIN	
SFTJ_0_DONE	0.011s
SFTJ_0_BEGIN	
SFTJ_0_DONE	0.010s
SFTJ_0_BEGIN	
SFTJ_0_DONE	0.010s
SFTJ_0_BEGIN	
SFTJ_0_DONE	0.012s
SFTJ_0_BEGIN	
SFTJ_0_DONE	0.011s
	已经写入过。期数: 190307047, 开奖号码: 2,8,1,6,3
SFTJ_0_BEGIN	
SFTJ_0_DONE	0.011s
SFTJ_0_BEGIN	
SFTJ_0_DONE	0.011s
SFTJ_1_BEGIN	
SFTJ_1_DONE	0.011s
SFTJ_2_BEGIN	
SFTJ_2_DONE	0.010s
SFTJ_0_BEGIN	
SFTJ_0_DONE	0.011s
SFTJ_0_BEGIN	
SFTJ_0_DONE	0.013s
SFTJ_0_BEGIN	
SFTJ_0_DONE	0.010s
	已经写入过。期数: 190307047, 开奖号码: 2,8,1,6,3
SFTJ_0_BEGIN	
SFTJ_0_DONE	0.011s
SFTJ_0_BEGIN	
SFTJ_0_DONE	0.010s
SFTJ_0_BEGIN	
SFTJ_0_DONE	0.010s
SFTJ_0_BEGIN	
SFTJ_0_DONE	0.012s
SFTJ_0_BEGIN	
SFTJ_0_DONE	0.011s
	已经写入过。期数: 190307047, 开奖号码: 2,8,1,6,3
SFTJ_0_BEGIN	
SFTJ_0_DONE	0.011s
SFTJ_0_BEGIN	
SFTJ_0_DONE	0.012s
SFTJ_1_BEGIN	
SFTJ_1_DONE	0.011s
SFTJ_2_BEGIN	
SFTJ_2_DONE	0.010s
SFTJ_0_BEGIN	
SFTJ_0_DONE	0.010s
SFTJ_0_BEGIN	
SFTJ_0_DONE	0.013s
SFTJ_0_BEGIN	
SFTJ_0_DONE	0.011s
	已经写入过。期数: 190307047, 开奖号码: 2,8,1,6,3
SFTJ_0_BEGIN	
SFTJ_0_DONE	0.011s
SFTJ_0_BEGIN	
SFTJ_0_DONE	0.010s
SFTJ_0_BEGIN	
SFTJ_0_DONE	0.012s
SFTJ_0_BEGIN	
SFTJ_0_DONE	0.013s
SFTJ_0_BEGIN	
SFTJ_0_DONE	0.010s
SFTJ_0_BEGIN	
SFTJ_0_DONE	0.011s
	已经写入过。期数: 190307047, 开奖号码: 2,8,1,6,3
SFTJ_0_BEGIN	
SFTJ_0_DONE	0.011s
SFTJ_1_BEGIN	
SFTJ_1_DONE	0.010s
SFTJ_2_BEGIN	
SFTJ_2_DONE	0.010s
SFTJ_0_BEGIN	
SFTJ_0_DONE	0.011s
SFTJ_0_BEGIN	
SFTJ_0_DONE	0.011s
SFTJ_0_BEGIN	
SFTJ_0_DONE	0.011s
SFTJ_0_BEGIN	
SFTJ_0_DONE	0.010s
	已经写入过。期数: 190307047, 开奖号码: 2,8,1,6,3
SFTJ_0_BEGIN	
SFTJ_0_DONE	0.011s
SFTJ_0_BEGIN	
SFTJ_0_DONE	0.011s
SFTJ_0_BEGIN	
SFTJ_0_DONE	0.012s
SFTJ_0_BEGIN	
SFTJ_0_DONE	0.011s
SFTJ_0_BEGIN	
SFTJ_0_DONE	0.010s
	已经写入过。期数: 190307047, 开奖号码: 2,8,1,6,3
SFTJ_0_BEGIN	
SFTJ_0_DONE	0.010s
SFTJ_1_BEGIN	
SFTJ_1_DONE	0.010s
SFTJ_2_BEGIN	
SFTJ_2_DONE	0.010s
SFTJ_0_BEGIN	
SFTJ_0_DONE	0.010s
SFTJ_0_BEGIN	
SFTJ_0_DONE	0.012s
SFTJ_0_BEGIN	
SFTJ_0_DONE	0.011s
SFTJ_0_BEGIN	
SFTJ_0_DONE	0.010s
	已经写入过。期数: 190307047, 开奖号码: 2,8,1,6,3
SFTJ_0_BEGIN	
SFTJ_0_DONE	0.011s
SFTJ_0_BEGIN	
SFTJ_0_DONE	0.013s
SFTJ_0_BEGIN	
SFTJ_0_DONE	0.013s
SFTJ_0_BEGIN	
SFTJ_0_DONE	0.011s
SFTJ_0_BEGIN	
SFTJ_0_DONE	0.010s
	已经写入过。期数: 190307047, 开奖号码: 2,8,1,6,3
SFTJ_0_BEGIN	
SFTJ_0_DONE	0.010s
SFTJ_1_BEGIN	
SFTJ_1_DONE	0.010s
SFTJ_2_BEGIN	
SFTJ_2_DONE	0.010s
SFTJ_0_BEGIN	
SFTJ_0_DONE	0.011s
SFTJ_0_BEGIN	
SFTJ_0_DONE	0.016s
SFTJ_0_BEGIN	
SFTJ_0_DONE	0.010s
SFTJ_0_BEGIN	
SFTJ_0_DONE	0.011s
	已经写入过。期数: 190307047, 开奖号码: 2,8,1,6,3
SFTJ_0_BEGIN	
SFTJ_0_DONE	0.010s
SFTJ_0_BEGIN	
PHP Fatal error:  Uncaught Error: Call to a member function insert() on null in /data/release/web/product/cqssc_v1/web/application/Portal/Dev/bin/task/core/collect.php:21
Stack trace:
#0 {main}
  thrown in /data/release/web/product/cqssc_v1/web/application/Portal/Dev/bin/task/core/collect.php on line 21
	已经写入过。期数: 190307047, 开奖号码: 2,8,1,6,3
SFTJ_1_BEGIN	
SFTJ_1_DONE	0.010s
SFTJ_2_BEGIN	
SFTJ_2_DONE	0.009s
	已经写入过。期数: 190307047, 开奖号码: 2,8,1,6,3
	已经写入过。期数: 190307047, 开奖号码: 2,8,1,6,3
SFTJ_1_BEGIN	
SFTJ_1_DONE	0.017s
SFTJ_2_BEGIN	
SFTJ_2_DONE	0.016s
	已经写入过。期数: 190307047, 开奖号码: 2,8,1,6,3
SFTJ_1_BEGIN	
SFTJ_1_DONE	0.011s
SFTJ_2_BEGIN	
SFTJ_2_DONE	0.010s
	已经写入过。期数: 190307047, 开奖号码: 2,8,1,6,3
SFTJ_1_BEGIN	
SFTJ_1_DONE	0.011s
SFTJ_2_BEGIN	
SFTJ_2_DONE	0.010s
	已经写入过。期数: 190307047, 开奖号码: 2,8,1,6,3
	已经写入过。期数: 190307047, 开奖号码: 2,8,1,6,3
SFTJ_1_BEGIN	
SFTJ_1_DONE	0.011s
SFTJ_2_BEGIN	
SFTJ_2_DONE	0.010s
	已经写入过。期数: 190307047, 开奖号码: 2,8,1,6,3
	已经写入过。期数: 190307047, 开奖号码: 2,8,1,6,3
SFTJ_1_BEGIN	
SFTJ_1_DONE	0.011s
SFTJ_2_BEGIN	
SFTJ_2_DONE	0.010s
	已经写入过。期数: 190307047, 开奖号码: 2,8,1,6,3
SFTJ_1_BEGIN	
SFTJ_1_DONE	0.011s
SFTJ_2_BEGIN	
SFTJ_2_DONE	0.014s
DATA_FETCH_ERROR	2019-03-07 19:59:17	数据获取有误: 
SFTJ_1_BEGIN	
SFTJ_1_DONE	0.011s
SFTJ_2_BEGIN	
SFTJ_2_DONE	0.010s
	已经写入过。期数: 190307047, 开奖号码: 2,8,1,6,3
SFTJ_1_BEGIN	
SFTJ_1_DONE	0.012s
SFTJ_2_BEGIN	
SFTJ_2_DONE	0.011s
DATA_FETCH_ERROR	2019-03-07 19:59:36	数据获取有误: 
	已经写入过。期数: 190307047, 开奖号码: 2,8,1,6,3
SFTJ_1_BEGIN	
SFTJ_1_DONE	0.011s
SFTJ_2_BEGIN	
SFTJ_2_DONE	0.010s
	已经写入过。期数: 190307047, 开奖号码: 2,8,1,6,3
SFTJ_1_BEGIN	
SFTJ_1_DONE	0.013s
SFTJ_2_BEGIN	
SFTJ_2_DONE	0.012s
	已经写入过。期数: 190307047, 开奖号码: 2,8,1,6,3
	已经写入过。期数: 190307047, 开奖号码: 2,8,1,6,3
SFTJ_1_BEGIN	
SFTJ_1_DONE	0.011s
SFTJ_2_BEGIN	
SFTJ_2_DONE	0.010s
	已经写入过。期数: 190307047, 开奖号码: 2,8,1,6,3
	已经写入过。期数: 190307047, 开奖号码: 2,8,1,6,3
SFTJ_1_BEGIN	
SFTJ_1_DONE	0.011s
SFTJ_2_BEGIN	
SFTJ_2_DONE	0.010s
	已经写入过。期数: 190307047, 开奖号码: 2,8,1,6,3
	已经写入过。期数: 190307047, 开奖号码: 2,8,1,6,3
SFTJ_1_BEGIN	
SFTJ_1_DONE	0.011s
SFTJ_2_BEGIN	
SFTJ_2_DONE	0.010s
	已经写入过。期数: 190307047, 开奖号码: 2,8,1,6,3
	已经写入过。期数: 190307047, 开奖号码: 2,8,1,6,3
SFTJ_1_BEGIN	
SFTJ_1_DONE	0.010s
SFTJ_2_BEGIN	
SFTJ_2_DONE	0.010s
	已经写入过。期数: 190307047, 开奖号码: 2,8,1,6,3
	已经写入过。期数: 190307047, 开奖号码: 2,8,1,6,3
SFTJ_1_BEGIN	
SFTJ_1_DONE	0.010s
SFTJ_2_BEGIN	
SFTJ_2_DONE	0.010s
	已经写入过。期数: 190307047, 开奖号码: 2,8,1,6,3
	已经写入过。期数: 190307047, 开奖号码: 2,8,1,6,3
SFTJ_1_BEGIN	
SFTJ_1_DONE	0.011s
SFTJ_2_BEGIN	
SFTJ_2_DONE	0.010s
	已经写入过。期数: 190307047, 开奖号码: 2,8,1,6,3
	已经写入过。期数: 190307047, 开奖号码: 2,8,1,6,3
SFTJ_1_BEGIN	
SFTJ_1_DONE	0.010s
SFTJ_2_BEGIN	
SFTJ_2_DONE	0.009s
	已经写入过。期数: 190307047, 开奖号码: 2,8,1,6,3
	已经写入过。期数: 190307047, 开奖号码: 2,8,1,6,3
SFTJ_1_BEGIN	
SFTJ_1_DONE	0.011s
SFTJ_2_BEGIN	
SFTJ_2_DONE	0.010s
	已经写入过。期数: 190307047, 开奖号码: 2,8,1,6,3
	已经写入过。期数: 190307047, 开奖号码: 2,8,1,6,3
SFTJ_1_BEGIN	
SFTJ_1_DONE	0.011s
SFTJ_2_BEGIN	
SFTJ_2_DONE	0.011s
	已经写入过。期数: 190307047, 开奖号码: 2,8,1,6,3
	已经写入过。期数: 190307047, 开奖号码: 2,8,1,6,3
SFTJ_1_BEGIN	
SFTJ_1_DONE	0.012s
SFTJ_2_BEGIN	
SFTJ_2_DONE	0.009s
	已经写入过。期数: 190307047, 开奖号码: 2,8,1,6,3
	已经写入过。期数: 190307047, 开奖号码: 2,8,1,6,3
SFTJ_1_BEGIN	
SFTJ_1_DONE	0.010s
SFTJ_2_BEGIN	
SFTJ_2_DONE	0.009s
	已经写入过。期数: 190307047, 开奖号码: 2,8,1,6,3
	已经写入过。期数: 190307047, 开奖号码: 2,8,1,6,3
SFTJ_1_BEGIN	
SFTJ_1_DONE	0.012s
SFTJ_2_BEGIN	
SFTJ_2_DONE	0.012s
	已经写入过。期数: 190307047, 开奖号码: 2,8,1,6,3
	已经写入过。期数: 190307047, 开奖号码: 2,8,1,6,3
SFTJ_1_BEGIN	
SFTJ_1_DONE	0.011s
SFTJ_2_BEGIN	
SFTJ_2_DONE	0.010s
	已经写入过。期数: 190307047, 开奖号码: 2,8,1,6,3
	已经写入过。期数: 190307047, 开奖号码: 2,8,1,6,3
SFTJ_1_BEGIN	
SFTJ_1_DONE	0.011s
SFTJ_2_BEGIN	
SFTJ_2_DONE	0.010s
	已经写入过。期数: 190307047, 开奖号码: 2,8,1,6,3
SFTJ_1_BEGIN	
SFTJ_1_DONE	0.011s
SFTJ_2_BEGIN	
SFTJ_2_DONE	0.010s
	已经写入过。期数: 190307047, 开奖号码: 2,8,1,6,3
	已经写入过。期数: 190307047, 开奖号码: 2,8,1,6,3
SFTJ_1_BEGIN	
SFTJ_1_DONE	0.012s
SFTJ_2_BEGIN	
SFTJ_2_DONE	0.010s
	已经写入过。期数: 190307047, 开奖号码: 2,8,1,6,3
	已经写入过。期数: 190307047, 开奖号码: 2,8,1,6,3
SFTJ_1_BEGIN	
SFTJ_1_DONE	0.010s
SFTJ_2_BEGIN	
SFTJ_2_DONE	0.009s
	已经写入过。期数: 190307047, 开奖号码: 2,8,1,6,3
	已经写入过。期数: 190307047, 开奖号码: 2,8,1,6,3
SFTJ_1_BEGIN	
SFTJ_1_DONE	0.010s
SFTJ_2_BEGIN	
SFTJ_2_DONE	0.010s
	已经写入过。期数: 190307047, 开奖号码: 2,8,1,6,3
	已经写入过。期数: 190307047, 开奖号码: 2,8,1,6,3
SFTJ_1_BEGIN	
SFTJ_1_DONE	0.011s
SFTJ_2_BEGIN	
SFTJ_2_DONE	0.010s
	已经写入过。期数: 190307047, 开奖号码: 2,8,1,6,3
	已经写入过。期数: 190307047, 开奖号码: 2,8,1,6,3
SFTJ_1_BEGIN	
SFTJ_1_DONE	0.011s
SFTJ_2_BEGIN	
SFTJ_2_DONE	0.010s
	已经写入过。期数: 190307047, 开奖号码: 2,8,1,6,3
	已经写入过。期数: 190307047, 开奖号码: 2,8,1,6,3
SFTJ_1_BEGIN	
SFTJ_1_DONE	0.010s
SFTJ_2_BEGIN	
SFTJ_2_DONE	0.010s
	已经写入过。期数: 190307047, 开奖号码: 2,8,1,6,3
	已经写入过。期数: 190307047, 开奖号码: 2,8,1,6,3
SFTJ_1_BEGIN	
SFTJ_1_DONE	0.011s
SFTJ_2_BEGIN	
SFTJ_2_DONE	0.010s
	已经写入过。期数: 190307047, 开奖号码: 2,8,1,6,3
	已经写入过。期数: 190307047, 开奖号码: 2,8,1,6,3
SFTJ_1_BEGIN	
SFTJ_1_DONE	0.011s
SFTJ_2_BEGIN	
SFTJ_2_DONE	0.011s
	已经写入过。期数: 190307047, 开奖号码: 2,8,1,6,3
	已经写入过。期数: 190307047, 开奖号码: 2,8,1,6,3
SFTJ_1_BEGIN	
SFTJ_1_DONE	0.011s
SFTJ_2_BEGIN	
SFTJ_2_DONE	0.010s
	已经写入过。期数: 190307047, 开奖号码: 2,8,1,6,3
	已经写入过。期数: 190307047, 开奖号码: 2,8,1,6,3
SFTJ_1_BEGIN	
SFTJ_1_DONE	0.011s
SFTJ_2_BEGIN	
SFTJ_2_DONE	0.010s
	已经写入过。期数: 190307047, 开奖号码: 2,8,1,6,3
	已经写入过。期数: 190307047, 开奖号码: 2,8,1,6,3
SFTJ_1_BEGIN	
SFTJ_1_DONE	0.013s
SFTJ_2_BEGIN	
SFTJ_2_DONE	0.011s
	已经写入过。期数: 190307047, 开奖号码: 2,8,1,6,3
	已经写入过。期数: 190307047, 开奖号码: 2,8,1,6,3
SFTJ_1_BEGIN	
SFTJ_1_DONE	0.011s
SFTJ_2_BEGIN	
SFTJ_2_DONE	0.010s
	已经写入过。期数: 190307047, 开奖号码: 2,8,1,6,3
	已经写入过。期数: 190307047, 开奖号码: 2,8,1,6,3
SFTJ_1_BEGIN	
SFTJ_1_DONE	0.011s
SFTJ_2_BEGIN	
SFTJ_2_DONE	0.010s
	已经写入过。期数: 190307047, 开奖号码: 2,8,1,6,3
	已经写入过。期数: 190307047, 开奖号码: 2,8,1,6,3
SFTJ_1_BEGIN	
SFTJ_1_DONE	0.011s
SFTJ_2_BEGIN	
SFTJ_2_DONE	0.010s
	已经写入过。期数: 190307047, 开奖号码: 2,8,1,6,3
	已经写入过。期数: 190307047, 开奖号码: 2,8,1,6,3
SFTJ_1_BEGIN	
SFTJ_1_DONE	0.010s
SFTJ_2_BEGIN	
SFTJ_2_DONE	0.009s
	已经写入过。期数: 190307047, 开奖号码: 2,8,1,6,3
	已经写入过。期数: 190307047, 开奖号码: 2,8,1,6,3
SFTJ_1_BEGIN	
SFTJ_1_DONE	0.011s
SFTJ_2_BEGIN	
SFTJ_2_DONE	0.010s
	已经写入过。期数: 190307047, 开奖号码: 2,8,1,6,3
	已经写入过。期数: 190307047, 开奖号码: 2,8,1,6,3
SFTJ_1_BEGIN	
SFTJ_1_DONE	0.011s
SFTJ_2_BEGIN	
SFTJ_2_DONE	0.009s
	已经写入过。期数: 190307047, 开奖号码: 2,8,1,6,3
	已经写入过。期数: 190307047, 开奖号码: 2,8,1,6,3
SFTJ_1_BEGIN	
SFTJ_1_DONE	0.011s
SFTJ_2_BEGIN	
SFTJ_2_DONE	0.010s
	已经写入过。期数: 190307047, 开奖号码: 2,8,1,6,3
	已经写入过。期数: 190307047, 开奖号码: 2,8,1,6,3
SFTJ_1_BEGIN	
SFTJ_1_DONE	0.011s
SFTJ_2_BEGIN	
SFTJ_2_DONE	0.010s
	已经写入过。期数: 190307047, 开奖号码: 2,8,1,6,3
	已经写入过。期数: 190307047, 开奖号码: 2,8,1,6,3
SFTJ_1_BEGIN	
SFTJ_1_DONE	0.010s
SFTJ_2_BEGIN	
SFTJ_2_DONE	0.010s
	已经写入过。期数: 190307047, 开奖号码: 2,8,1,6,3
	已经写入过。期数: 190307047, 开奖号码: 2,8,1,6,3
SFTJ_1_BEGIN	
SFTJ_1_DONE	0.011s
SFTJ_2_BEGIN	
SFTJ_2_DONE	0.010s
	已经写入过。期数: 190307047, 开奖号码: 2,8,1,6,3
	已经写入过。期数: 190307047, 开奖号码: 2,8,1,6,3
SFTJ_1_BEGIN	
SFTJ_1_DONE	0.011s
SFTJ_2_BEGIN	
SFTJ_2_DONE	0.010s
	已经写入过。期数: 190307047, 开奖号码: 2,8,1,6,3
	已经写入过。期数: 190307047, 开奖号码: 2,8,1,6,3
SFTJ_1_BEGIN	
SFTJ_1_DONE	0.011s
SFTJ_2_BEGIN	
SFTJ_2_DONE	0.010s
	已经写入过。期数: 190307047, 开奖号码: 2,8,1,6,3
	已经写入过。期数: 190307047, 开奖号码: 2,8,1,6,3
SFTJ_1_BEGIN	
SFTJ_1_DONE	0.011s
SFTJ_2_BEGIN	
SFTJ_2_DONE	0.010s
	已经写入过。期数: 190307047, 开奖号码: 2,8,1,6,3
SFTJ_1_BEGIN	
SFTJ_1_DONE	0.010s
SFTJ_2_BEGIN	
SFTJ_2_DONE	0.010s
	已经写入过。期数: 190307047, 开奖号码: 2,8,1,6,3
	已经写入过。期数: 190307047, 开奖号码: 2,8,1,6,3
SFTJ_1_BEGIN	
SFTJ_1_DONE	0.010s
SFTJ_2_BEGIN	
SFTJ_2_DONE	0.010s
	已经写入过。期数: 190307047, 开奖号码: 2,8,1,6,3
	已经写入过。期数: 190307047, 开奖号码: 2,8,1,6,3
SFTJ_1_BEGIN	
SFTJ_1_DONE	0.011s
SFTJ_2_BEGIN	
SFTJ_2_DONE	0.010s
	已经写入过。期数: 190307047, 开奖号码: 2,8,1,6,3
	已经写入过。期数: 190307047, 开奖号码: 2,8,1,6,3
SFTJ_1_BEGIN	
SFTJ_1_DONE	0.011s
SFTJ_2_BEGIN	
SFTJ_2_DONE	0.010s
	已经写入过。期数: 190307047, 开奖号码: 2,8,1,6,3
	已经写入过。期数: 190307047, 开奖号码: 2,8,1,6,3
SFTJ_1_BEGIN	
SFTJ_1_DONE	0.010s
SFTJ_2_BEGIN	
SFTJ_2_DONE	0.010s
	已经写入过。期数: 190307047, 开奖号码: 2,8,1,6,3
	已经写入过。期数: 190307047, 开奖号码: 2,8,1,6,3
SFTJ_1_BEGIN	
SFTJ_1_DONE	0.011s
SFTJ_2_BEGIN	
SFTJ_2_DONE	0.010s
	已经写入过。期数: 190307047, 开奖号码: 2,8,1,6,3
	已经写入过。期数: 190307047, 开奖号码: 2,8,1,6,3
SFTJ_1_BEGIN	
SFTJ_1_DONE	0.011s
SFTJ_2_BEGIN	
SFTJ_2_DONE	0.010s
	已经写入过。期数: 190307047, 开奖号码: 2,8,1,6,3
	已经写入过。期数: 190307047, 开奖号码: 2,8,1,6,3
SFTJ_1_BEGIN	
SFTJ_1_DONE	0.010s
SFTJ_2_BEGIN	
SFTJ_2_DONE	0.009s
	已经写入过。期数: 190307047, 开奖号码: 2,8,1,6,3
	已经写入过。期数: 190307047, 开奖号码: 2,8,1,6,3
SFTJ_1_BEGIN	
SFTJ_1_DONE	0.012s
SFTJ_2_BEGIN	
SFTJ_2_DONE	0.010s
	已经写入过。期数: 190307047, 开奖号码: 2,8,1,6,3
	已经写入过。期数: 190307047, 开奖号码: 2,8,1,6,3
SFTJ_1_BEGIN	
SFTJ_1_DONE	0.010s
SFTJ_2_BEGIN	
SFTJ_2_DONE	0.010s
	已经写入过。期数: 190307047, 开奖号码: 2,8,1,6,3
	已经写入过。期数: 190307047, 开奖号码: 2,8,1,6,3
SFTJ_1_BEGIN	
SFTJ_1_DONE	0.011s
SFTJ_2_BEGIN	
SFTJ_2_DONE	0.010s
	已经写入过。期数: 190307047, 开奖号码: 2,8,1,6,3
	已经写入过。期数: 190307047, 开奖号码: 2,8,1,6,3
SFTJ_1_BEGIN	
SFTJ_1_DONE	0.013s
SFTJ_2_BEGIN	
SFTJ_2_DONE	0.012s
	已经写入过。期数: 190307047, 开奖号码: 2,8,1,6,3
	已经写入过。期数: 190307047, 开奖号码: 2,8,1,6,3
SFTJ_1_BEGIN	
SFTJ_1_DONE	0.010s
SFTJ_2_BEGIN	
SFTJ_2_DONE	0.010s
	已经写入过。期数: 190307047, 开奖号码: 2,8,1,6,3
	已经写入过。期数: 190307047, 开奖号码: 2,8,1,6,3
SFTJ_1_BEGIN	
SFTJ_1_DONE	0.011s
SFTJ_2_BEGIN	
SFTJ_2_DONE	0.011s
	已经写入过。期数: 190307047, 开奖号码: 2,8,1,6,3
	已经写入过。期数: 190307047, 开奖号码: 2,8,1,6,3
SFTJ_1_BEGIN	
SFTJ_1_DONE	0.011s
SFTJ_2_BEGIN	
SFTJ_2_DONE	0.010s
	已经写入过。期数: 190307047, 开奖号码: 2,8,1,6,3
	已经写入过。期数: 190307047, 开奖号码: 2,8,1,6,3
SFTJ_1_BEGIN	
SFTJ_1_DONE	0.010s
SFTJ_2_BEGIN	
SFTJ_2_DONE	0.009s
	已经写入过。期数: 190307047, 开奖号码: 2,8,1,6,3
	已经写入过。期数: 190307047, 开奖号码: 2,8,1,6,3
SFTJ_1_BEGIN	
SFTJ_1_DONE	0.011s
SFTJ_2_BEGIN	
SFTJ_2_DONE	0.010s
	已经写入过。期数: 190307047, 开奖号码: 2,8,1,6,3
	已经写入过。期数: 190307047, 开奖号码: 2,8,1,6,3
SFTJ_1_BEGIN	
SFTJ_1_DONE	0.010s
SFTJ_2_BEGIN	
SFTJ_2_DONE	0.010s
	已经写入过。期数: 190307047, 开奖号码: 2,8,1,6,3
	已经写入过。期数: 190307047, 开奖号码: 2,8,1,6,3
SFTJ_1_BEGIN	
SFTJ_1_DONE	0.010s
SFTJ_2_BEGIN	
SFTJ_2_DONE	0.009s
	已经写入过。期数: 190307047, 开奖号码: 2,8,1,6,3
	已经写入过。期数: 190307047, 开奖号码: 2,8,1,6,3
SFTJ_1_BEGIN	
SFTJ_1_DONE	0.011s
SFTJ_2_BEGIN	
SFTJ_2_DONE	0.010s
	已经写入过。期数: 190307047, 开奖号码: 2,8,1,6,3
	已经写入过。期数: 190307047, 开奖号码: 2,8,1,6,3
SFTJ_1_BEGIN	
SFTJ_1_DONE	0.010s
SFTJ_2_BEGIN	
SFTJ_2_DONE	0.010s
	已经写入过。期数: 190307047, 开奖号码: 2,8,1,6,3
	已经写入过。期数: 190307047, 开奖号码: 2,8,1,6,3
SFTJ_1_BEGIN	
SFTJ_1_DONE	0.011s
SFTJ_2_BEGIN	
SFTJ_2_DONE	0.010s
	已经写入过。期数: 190307047, 开奖号码: 2,8,1,6,3
	已经写入过。期数: 190307047, 开奖号码: 2,8,1,6,3
SFTJ_1_BEGIN	
SFTJ_1_DONE	0.010s
SFTJ_2_BEGIN	
SFTJ_2_DONE	0.010s
	已经写入过。期数: 190307047, 开奖号码: 2,8,1,6,3
	已经写入过。期数: 190307047, 开奖号码: 2,8,1,6,3
SFTJ_1_BEGIN	
SFTJ_1_DONE	0.010s
SFTJ_2_BEGIN	
SFTJ_2_DONE	0.009s
	已经写入过。期数: 190307047, 开奖号码: 2,8,1,6,3
SFTJ_1_BEGIN	
SFTJ_1_DONE	0.010s
SFTJ_2_BEGIN	
SFTJ_2_DONE	0.010s
	已经写入过。期数: 190307047, 开奖号码: 2,8,1,6,3
NEW_INSERT	2019-03-07 20:10:40	已写入新的一期。期数: 190307048, 开奖号码: 9,0,2,4,6
OPEN_REWARD	2019-03-07 20:10:40	已开奖: 0<br>1551959887中奖0<br>1551960104中奖0<br>1551960119中奖0<br>1551960126中奖0<br>1551960133中奖0<br>1551960147中奖0<br>1551960149中奖0<br>1551960166中奖0<br>1551960183中奖0<br>1551960190中奖0<br>1551960197中奖0<br>1551960204中奖0<br>1551960211中奖0<br>1551960218中奖0<br>1551960226中奖0<br>1551960233中奖0<br>1551960240中奖0<br>1551960250中奖0<br>1551960256中奖0<br>1551960263中奖0<br>1551960282中奖0<br>1551960289中奖0<br>1551960296中奖0<br>1551960313中奖0<br>1551960320中奖0<br>1551960328中奖0<br>1551960334中奖0<br>1551960341中奖0<br>1551960398中奖0<br>1551960406中奖0<br>1551960420中奖0<br>1551960427中奖0<br>1551960433中奖0<br>1551960442中奖0<br>1551960450中奖0<br>1551960456中奖0<br>1551960462中奖0<br>1551960469中奖0<br>1551960475中奖0<br>1551960481中奖0<br>1551960494中奖0<br>1551960501中奖0<br>1551960507中奖0<br>1551960514中奖0<br>1551960520中奖0<br>1551960526中奖0<br>1551960533中奖0<br>总计开奖0,用时0秒,奖金放发完毕。
SFTJ_1_BEGIN	
SFTJ_1_DONE	0.010s
SFTJ_2_BEGIN	
SFTJ_2_DONE	0.023s
	已经写入过。期数: 190307048, 开奖号码: 9,0,2,4,6
	已经写入过。期数: 190307048, 开奖号码: 9,0,2,4,6
SFTJ_1_BEGIN	
SFTJ_1_DONE	0.011s
SFTJ_2_BEGIN	
SFTJ_2_DONE	0.010s
	已经写入过。期数: 190307048, 开奖号码: 9,0,2,4,6
	已经写入过。期数: 190307048, 开奖号码: 9,0,2,4,6
SFTJ_1_BEGIN	
SFTJ_1_DONE	0.010s
SFTJ_2_BEGIN	
SFTJ_2_DONE	0.010s
	已经写入过。期数: 190307048, 开奖号码: 9,0,2,4,6
	已经写入过。期数: 190307048, 开奖号码: 9,0,2,4,6
SFTJ_1_BEGIN	
SFTJ_1_DONE	0.010s
SFTJ_2_BEGIN	
SFTJ_2_DONE	0.010s
	已经写入过。期数: 190307048, 开奖号码: 9,0,2,4,6
	已经写入过。期数: 190307048, 开奖号码: 9,0,2,4,6
SFTJ_1_BEGIN	
SFTJ_1_DONE	0.013s
SFTJ_2_BEGIN	
SFTJ_2_DONE	0.010s
	已经写入过。期数: 190307048, 开奖号码: 9,0,2,4,6
	已经写入过。期数: 190307048, 开奖号码: 9,0,2,4,6
SFTJ_1_BEGIN	
SFTJ_1_DONE	0.010s
SFTJ_2_BEGIN	
SFTJ_2_DONE	0.009s
	已经写入过。期数: 190307048, 开奖号码: 9,0,2,4,6
	已经写入过。期数: 190307048, 开奖号码: 9,0,2,4,6
SFTJ_1_BEGIN	
SFTJ_1_DONE	0.011s
SFTJ_2_BEGIN	
SFTJ_2_DONE	0.010s
	已经写入过。期数: 190307048, 开奖号码: 9,0,2,4,6
	已经写入过。期数: 190307048, 开奖号码: 9,0,2,4,6
SFTJ_1_BEGIN	
SFTJ_1_DONE	0.011s
SFTJ_2_BEGIN	
SFTJ_2_DONE	0.010s
	已经写入过。期数: 190307048, 开奖号码: 9,0,2,4,6
	已经写入过。期数: 190307048, 开奖号码: 9,0,2,4,6
SFTJ_1_BEGIN	
SFTJ_1_DONE	0.010s
SFTJ_2_BEGIN	
SFTJ_2_DONE	0.010s
	已经写入过。期数: 190307048, 开奖号码: 9,0,2,4,6
	已经写入过。期数: 190307048, 开奖号码: 9,0,2,4,6
SFTJ_1_BEGIN	
SFTJ_1_DONE	0.016s
SFTJ_2_BEGIN	
SFTJ_2_DONE	0.015s
	已经写入过。期数: 190307048, 开奖号码: 9,0,2,4,6
	已经写入过。期数: 190307048, 开奖号码: 9,0,2,4,6
SFTJ_1_BEGIN	
SFTJ_1_DONE	0.011s
SFTJ_2_BEGIN	
SFTJ_2_DONE	0.010s
	已经写入过。期数: 190307048, 开奖号码: 9,0,2,4,6
	已经写入过。期数: 190307048, 开奖号码: 9,0,2,4,6
SFTJ_1_BEGIN	
SFTJ_1_DONE	0.013s
SFTJ_2_BEGIN	
SFTJ_2_DONE	0.010s
	已经写入过。期数: 190307048, 开奖号码: 9,0,2,4,6
	已经写入过。期数: 190307048, 开奖号码: 9,0,2,4,6
SFTJ_1_BEGIN	
SFTJ_1_DONE	0.010s
SFTJ_2_BEGIN	
SFTJ_2_DONE	0.010s
	已经写入过。期数: 190307048, 开奖号码: 9,0,2,4,6
	已经写入过。期数: 190307048, 开奖号码: 9,0,2,4,6
SFTJ_1_BEGIN	
SFTJ_1_DONE	0.010s
SFTJ_2_BEGIN	
SFTJ_2_DONE	0.009s
	已经写入过。期数: 190307048, 开奖号码: 9,0,2,4,6
	已经写入过。期数: 190307048, 开奖号码: 9,0,2,4,6
SFTJ_1_BEGIN	
SFTJ_1_DONE	0.010s
SFTJ_2_BEGIN	
SFTJ_2_DONE	0.009s
	已经写入过。期数: 190307048, 开奖号码: 9,0,2,4,6
	已经写入过。期数: 190307048, 开奖号码: 9,0,2,4,6
SFTJ_1_BEGIN	
SFTJ_1_DONE	0.011s
SFTJ_2_BEGIN	
SFTJ_2_DONE	0.010s
	已经写入过。期数: 190307048, 开奖号码: 9,0,2,4,6
	已经写入过。期数: 190307048, 开奖号码: 9,0,2,4,6
SFTJ_1_BEGIN	
SFTJ_1_DONE	0.010s
SFTJ_2_BEGIN	
SFTJ_2_DONE	0.009s
	已经写入过。期数: 190307048, 开奖号码: 9,0,2,4,6
	已经写入过。期数: 190307048, 开奖号码: 9,0,2,4,6
SFTJ_1_BEGIN	
SFTJ_1_DONE	0.011s
SFTJ_2_BEGIN	
SFTJ_2_DONE	0.010s
	已经写入过。期数: 190307048, 开奖号码: 9,0,2,4,6
	已经写入过。期数: 190307048, 开奖号码: 9,0,2,4,6
SFTJ_1_BEGIN	
SFTJ_1_DONE	0.010s
SFTJ_2_BEGIN	
SFTJ_2_DONE	0.010s
	已经写入过。期数: 190307048, 开奖号码: 9,0,2,4,6
	已经写入过。期数: 190307048, 开奖号码: 9,0,2,4,6
SFTJ_1_BEGIN	
SFTJ_1_DONE	0.010s
SFTJ_2_BEGIN	
SFTJ_2_DONE	0.009s
	已经写入过。期数: 190307048, 开奖号码: 9,0,2,4,6
SFTJ_1_BEGIN	
SFTJ_1_DONE	0.011s
SFTJ_2_BEGIN	
SFTJ_2_DONE	0.010s
	已经写入过。期数: 190307048, 开奖号码: 9,0,2,4,6
	已经写入过。期数: 190307048, 开奖号码: 9,0,2,4,6
SFTJ_1_BEGIN	
SFTJ_1_DONE	0.010s
SFTJ_2_BEGIN	
SFTJ_2_DONE	0.010s
	已经写入过。期数: 190307048, 开奖号码: 9,0,2,4,6
	已经写入过。期数: 190307048, 开奖号码: 9,0,2,4,6
SFTJ_1_BEGIN	
SFTJ_1_DONE	0.010s
SFTJ_2_BEGIN	
SFTJ_2_DONE	0.010s
	已经写入过。期数: 190307048, 开奖号码: 9,0,2,4,6
	已经写入过。期数: 190307048, 开奖号码: 9,0,2,4,6
SFTJ_1_BEGIN	
SFTJ_1_DONE	0.010s
SFTJ_2_BEGIN	
SFTJ_2_DONE	0.009s
	已经写入过。期数: 190307048, 开奖号码: 9,0,2,4,6
	已经写入过。期数: 190307048, 开奖号码: 9,0,2,4,6
SFTJ_1_BEGIN	
SFTJ_1_DONE	0.010s
SFTJ_2_BEGIN	
SFTJ_2_DONE	0.010s
	已经写入过。期数: 190307048, 开奖号码: 9,0,2,4,6
	已经写入过。期数: 190307048, 开奖号码: 9,0,2,4,6
SFTJ_1_BEGIN	
SFTJ_1_DONE	0.010s
SFTJ_2_BEGIN	
SFTJ_2_DONE	0.010s
	已经写入过。期数: 190307048, 开奖号码: 9,0,2,4,6
	已经写入过。期数: 190307048, 开奖号码: 9,0,2,4,6
SFTJ_1_BEGIN	
SFTJ_1_DONE	0.011s
SFTJ_2_BEGIN	
SFTJ_2_DONE	0.010s
	已经写入过。期数: 190307048, 开奖号码: 9,0,2,4,6
	已经写入过。期数: 190307048, 开奖号码: 9,0,2,4,6
SFTJ_1_BEGIN	
SFTJ_1_DONE	0.011s
SFTJ_2_BEGIN	
SFTJ_2_DONE	0.010s
	已经写入过。期数: 190307048, 开奖号码: 9,0,2,4,6
	已经写入过。期数: 190307048, 开奖号码: 9,0,2,4,6
SFTJ_1_BEGIN	
SFTJ_1_DONE	0.015s
SFTJ_2_BEGIN	
SFTJ_2_DONE	0.012s
	已经写入过。期数: 190307048, 开奖号码: 9,0,2,4,6
	已经写入过。期数: 190307048, 开奖号码: 9,0,2,4,6
SFTJ_1_BEGIN	
SFTJ_1_DONE	0.011s
SFTJ_2_BEGIN	
SFTJ_2_DONE	0.010s
	已经写入过。期数: 190307048, 开奖号码: 9,0,2,4,6
SFTJ_1_BEGIN	
SFTJ_1_DONE	0.010s
SFTJ_2_BEGIN	
SFTJ_2_DONE	0.009s
SFTJ_1_BEGIN	
SFTJ_1_DONE	0.011s
SFTJ_2_BEGIN	
SFTJ_2_DONE	0.010s
SFTJ_1_BEGIN	
SFTJ_1_DONE	0.012s
SFTJ_2_BEGIN	
SFTJ_2_DONE	0.010s
SFTJ_1_BEGIN	
SFTJ_1_DONE	0.010s
SFTJ_2_BEGIN	
SFTJ_2_DONE	0.010s
SFTJ_1_BEGIN	
SFTJ_1_DONE	0.011s
SFTJ_2_BEGIN	
SFTJ_2_DONE	0.010s
SFTJ_1_BEGIN	
SFTJ_1_DONE	0.010s
SFTJ_2_BEGIN	
SFTJ_2_DONE	0.009s
SFTJ_1_BEGIN	
SFTJ_1_DONE	0.011s
SFTJ_2_BEGIN	
SFTJ_2_DONE	0.010s
SFTJ_1_BEGIN	
SFTJ_1_DONE	0.010s
SFTJ_2_BEGIN	
SFTJ_2_DONE	0.010s
SFTJ_1_BEGIN	
SFTJ_1_DONE	0.011s
SFTJ_2_BEGIN	
SFTJ_2_DONE	0.010s
SFTJ_1_BEGIN	
SFTJ_1_DONE	0.011s
SFTJ_2_BEGIN	
SFTJ_2_DONE	0.010s
SFTJ_1_BEGIN	
SFTJ_1_DONE	0.010s
SFTJ_2_BEGIN	
SFTJ_2_DONE	0.010s
SFTJ_1_BEGIN	
SFTJ_1_DONE	0.011s
SFTJ_2_BEGIN	
SFTJ_2_DONE	0.010s
SFTJ_1_BEGIN	
SFTJ_1_DONE	0.011s
SFTJ_2_BEGIN	
SFTJ_2_DONE	0.009s
SFTJ_1_BEGIN	
SFTJ_1_DONE	0.011s
SFTJ_2_BEGIN	
SFTJ_2_DONE	0.010s
SFTJ_1_BEGIN	
SFTJ_1_DONE	0.011s
SFTJ_2_BEGIN	
SFTJ_2_DONE	0.010s
SFTJ_1_BEGIN	
SFTJ_1_DONE	0.010s
SFTJ_2_BEGIN	
SFTJ_2_DONE	0.009s
SFTJ_1_BEGIN	
SFTJ_1_DONE	0.010s
SFTJ_2_BEGIN	
SFTJ_2_DONE	0.010s
SFTJ_1_BEGIN	
SFTJ_1_DONE	0.017s
SFTJ_2_BEGIN	
SFTJ_2_DONE	0.010s
SFTJ_1_BEGIN	
SFTJ_1_DONE	0.011s
SFTJ_2_BEGIN	
SFTJ_2_DONE	0.010s
SFTJ_1_BEGIN	
SFTJ_1_DONE	0.010s
SFTJ_2_BEGIN	
SFTJ_2_DONE	0.010s
SFTJ_1_BEGIN	
SFTJ_1_DONE	0.010s
SFTJ_2_BEGIN	
SFTJ_2_DONE	0.014s
SFTJ_1_BEGIN	
SFTJ_1_DONE	0.016s
SFTJ_2_BEGIN	
SFTJ_2_DONE	0.010s
SFTJ_1_BEGIN	
SFTJ_1_DONE	0.012s
SFTJ_2_BEGIN	
SFTJ_2_DONE	0.011s
SFTJ_1_BEGIN	
SFTJ_1_DONE	0.011s
SFTJ_2_BEGIN	
SFTJ_2_DONE	0.012s
SFTJ_1_BEGIN	
SFTJ_1_DONE	0.011s
SFTJ_2_BEGIN	
SFTJ_2_DONE	0.010s
SFTJ_1_BEGIN	
SFTJ_1_DONE	0.010s
SFTJ_2_BEGIN	
SFTJ_2_DONE	0.010s
SFTJ_1_BEGIN	
SFTJ_1_DONE	0.011s
SFTJ_2_BEGIN	
SFTJ_2_DONE	0.010s
SFTJ_1_BEGIN	
SFTJ_1_DONE	0.011s
SFTJ_2_BEGIN	
SFTJ_2_DONE	0.010s
SFTJ_1_BEGIN	
SFTJ_1_DONE	0.011s
SFTJ_2_BEGIN	
SFTJ_2_DONE	0.010s
SFTJ_1_BEGIN	
SFTJ_1_DONE	0.011s
SFTJ_2_BEGIN	
SFTJ_2_DONE	0.010s
SFTJ_1_BEGIN	
SFTJ_1_DONE	0.010s
SFTJ_2_BEGIN	
SFTJ_2_DONE	0.010s
SFTJ_1_BEGIN	
SFTJ_1_DONE	0.011s
SFTJ_2_BEGIN	
SFTJ_2_DONE	0.010s
SFTJ_1_BEGIN	
SFTJ_1_DONE	0.011s
SFTJ_2_BEGIN	
SFTJ_2_DONE	0.010s
SFTJ_1_BEGIN	
SFTJ_1_DONE	0.011s
SFTJ_2_BEGIN	
SFTJ_2_DONE	0.010s
SFTJ_1_BEGIN	
SFTJ_1_DONE	0.010s
SFTJ_2_BEGIN	
SFTJ_2_DONE	0.009s
SFTJ_1_BEGIN	
SFTJ_1_DONE	0.011s
SFTJ_2_BEGIN	
SFTJ_2_DONE	0.010s
SFTJ_1_BEGIN	
SFTJ_1_DONE	0.011s
SFTJ_2_BEGIN	
SFTJ_2_DONE	0.010s
SFTJ_1_BEGIN	
SFTJ_1_DONE	0.011s
SFTJ_2_BEGIN	
SFTJ_2_DONE	0.010s
SFTJ_1_BEGIN	
SFTJ_1_DONE	0.011s
SFTJ_2_BEGIN	
SFTJ_2_DONE	0.010s
SFTJ_1_BEGIN	
SFTJ_1_DONE	0.010s
SFTJ_2_BEGIN	
SFTJ_2_DONE	0.010s
SFTJ_1_BEGIN	
SFTJ_1_DONE	0.010s
SFTJ_2_BEGIN	
SFTJ_2_DONE	0.010s
SFTJ_1_BEGIN	
SFTJ_1_DONE	0.102s
SFTJ_2_BEGIN	
SFTJ_2_DONE	0.010s
SFTJ_1_BEGIN	
SFTJ_1_DONE	0.113s
SFTJ_2_BEGIN	
SFTJ_2_DONE	0.010s
SFTJ_1_BEGIN	
SFTJ_1_DONE	0.011s
SFTJ_2_BEGIN	
SFTJ_2_DONE	0.010s
SFTJ_1_BEGIN	
SFTJ_1_DONE	0.095s
SFTJ_2_BEGIN	
SFTJ_2_DONE	0.010s
SFTJ_1_BEGIN	
SFTJ_1_DONE	0.103s
SFTJ_2_BEGIN	
SFTJ_2_DONE	0.010s
SFTJ_1_BEGIN	
SFTJ_1_DONE	0.185s
SFTJ_2_BEGIN	
SFTJ_2_DONE	0.010s
SFTJ_1_BEGIN	
SFTJ_1_DONE	0.096s
SFTJ_2_BEGIN	
SFTJ_2_DONE	0.010s
SFTJ_1_BEGIN	
SFTJ_1_DONE	0.096s
SFTJ_2_BEGIN	
SFTJ_2_DONE	0.010s
SFTJ_1_BEGIN	
SFTJ_1_DONE	0.097s
SFTJ_2_BEGIN	
SFTJ_2_DONE	0.011s
SFTJ_1_BEGIN	
SFTJ_1_DONE	0.095s
SFTJ_2_BEGIN	
SFTJ_2_DONE	0.010s
SFTJ_1_BEGIN	
SFTJ_1_DONE	0.101s
SFTJ_2_BEGIN	
SFTJ_2_DONE	0.010s
SFTJ_1_BEGIN	
SFTJ_1_DONE	0.095s
SFTJ_2_BEGIN	
SFTJ_2_DONE	0.010s
SFTJ_1_BEGIN	
SFTJ_1_DONE	0.102s
SFTJ_2_BEGIN	
SFTJ_2_DONE	0.012s
SFTJ_1_BEGIN	
SFTJ_1_DONE	0.100s
SFTJ_2_BEGIN	
SFTJ_2_DONE	0.011s
SFTJ_1_BEGIN	
SFTJ_1_DONE	0.191s
SFTJ_2_BEGIN	
SFTJ_2_DONE	0.012s
SFTJ_1_BEGIN	
SFTJ_1_DONE	0.097s
SFTJ_2_BEGIN	
SFTJ_2_DONE	0.010s
SFTJ_1_BEGIN	
SFTJ_1_DONE	0.010s
SFTJ_2_BEGIN	
SFTJ_2_DONE	0.010s
SFTJ_1_BEGIN	
SFTJ_1_DONE	0.010s
SFTJ_2_BEGIN	
SFTJ_2_DONE	0.010s
SFTJ_1_BEGIN	
SFTJ_1_DONE	0.011s
SFTJ_2_BEGIN	
SFTJ_2_DONE	0.010s
SFTJ_1_BEGIN	
SFTJ_1_DONE	0.011s
SFTJ_2_BEGIN	
SFTJ_2_DONE	0.010s
SFTJ_1_BEGIN	
SFTJ_1_DONE	0.010s
SFTJ_2_BEGIN	
SFTJ_2_DONE	0.009s
SFTJ_1_BEGIN	
SFTJ_1_DONE	0.186s
SFTJ_2_BEGIN	
SFTJ_2_DONE	0.010s
SFTJ_1_BEGIN	
SFTJ_1_DONE	0.104s
SFTJ_2_BEGIN	
SFTJ_2_DONE	0.010s
SFTJ_1_BEGIN	
SFTJ_1_DONE	0.024s
SFTJ_2_BEGIN	
SFTJ_2_DONE	0.014s
SFTJ_1_BEGIN	
SFTJ_1_DONE	0.178s
SFTJ_2_BEGIN	
SFTJ_2_DONE	0.010s
SFTJ_1_BEGIN	
SFTJ_1_DONE	0.011s
SFTJ_2_BEGIN	
SFTJ_2_DONE	0.010s
SFTJ_1_BEGIN	
SFTJ_1_DONE	0.097s
SFTJ_2_BEGIN	
SFTJ_2_DONE	0.010s
SFTJ_1_BEGIN	
SFTJ_1_DONE	0.178s
SFTJ_2_BEGIN	
SFTJ_2_DONE	0.010s
SFTJ_1_BEGIN	
SFTJ_1_DONE	0.100s
SFTJ_2_BEGIN	
SFTJ_2_DONE	0.011s
SFTJ_1_BEGIN	
SFTJ_1_DONE	0.119s
SFTJ_2_BEGIN	
SFTJ_2_DONE	0.010s
SFTJ_1_BEGIN	
SFTJ_1_DONE	0.095s
SFTJ_2_BEGIN	
SFTJ_2_DONE	0.010s
SFTJ_1_BEGIN	
SFTJ_1_DONE	0.179s
SFTJ_2_BEGIN	
SFTJ_2_DONE	0.010s
SFTJ_1_BEGIN	
SFTJ_1_DONE	0.101s
SFTJ_2_BEGIN	
SFTJ_2_DONE	0.010s
SFTJ_1_BEGIN	
SFTJ_1_DONE	0.010s
SFTJ_2_BEGIN	
SFTJ_2_DONE	0.009s
SFTJ_1_BEGIN	
SFTJ_1_DONE	0.011s
SFTJ_2_BEGIN	
SFTJ_2_DONE	0.010s
SFTJ_1_BEGIN	
SFTJ_1_DONE	0.010s
SFTJ_2_BEGIN	
SFTJ_2_DONE	0.009s
SFTJ_1_BEGIN	
SFTJ_1_DONE	0.100s
SFTJ_2_BEGIN	
SFTJ_2_DONE	0.011s
SFTJ_1_BEGIN	
SFTJ_1_DONE	0.097s
SFTJ_2_BEGIN	
SFTJ_2_DONE	0.010s
SFTJ_1_BEGIN	
SFTJ_1_DONE	0.178s
SFTJ_2_BEGIN	
SFTJ_2_DONE	0.010s
SFTJ_1_BEGIN	
SFTJ_1_DONE	0.011s
SFTJ_2_BEGIN	
SFTJ_2_DONE	0.010s
SFTJ_1_BEGIN	
SFTJ_1_DONE	0.010s
SFTJ_2_BEGIN	
SFTJ_2_DONE	0.009s
SFTJ_1_BEGIN	
SFTJ_1_DONE	0.016s
SFTJ_2_BEGIN	
SFTJ_2_DONE	0.015s
SFTJ_1_BEGIN	
SFTJ_1_DONE	0.011s
SFTJ_2_BEGIN	
SFTJ_2_DONE	0.011s
SFTJ_1_BEGIN	
SFTJ_1_DONE	0.011s
SFTJ_2_BEGIN	
SFTJ_2_DONE	0.010s
SFTJ_1_BEGIN	
SFTJ_1_DONE	0.010s
SFTJ_2_BEGIN	
SFTJ_2_DONE	0.010s
SFTJ_1_BEGIN	
SFTJ_1_DONE	0.010s
SFTJ_2_BEGIN	
SFTJ_2_DONE	0.009s
SFTJ_1_BEGIN	
SFTJ_1_DONE	0.010s
SFTJ_2_BEGIN	
SFTJ_2_DONE	0.009s
SFTJ_1_BEGIN	
SFTJ_1_DONE	0.010s
SFTJ_2_BEGIN	
SFTJ_2_DONE	0.009s
SFTJ_1_BEGIN	
SFTJ_1_DONE	0.011s
SFTJ_2_BEGIN	
SFTJ_2_DONE	0.010s
SFTJ_1_BEGIN	
SFTJ_1_DONE	0.010s
SFTJ_2_BEGIN	
SFTJ_2_DONE	0.010s
SFTJ_1_BEGIN	
SFTJ_1_DONE	0.010s
SFTJ_2_BEGIN	
SFTJ_2_DONE	0.009s
SFTJ_1_BEGIN	
SFTJ_1_DONE	0.013s
SFTJ_2_BEGIN	
SFTJ_2_DONE	0.010s
SFTJ_1_BEGIN	
SFTJ_1_DONE	0.010s
SFTJ_2_BEGIN	
SFTJ_2_DONE	2.802s
SFTJ_1_BEGIN	
SFTJ_1_DONE	0.010s
SFTJ_2_BEGIN	
SFTJ_2_DONE	5.475s
SFTJ_1_BEGIN	
SFTJ_1_DONE	0.011s
SFTJ_2_BEGIN	
PHP Fatal error:  Allowed memory size of 134217728 bytes exhausted (tried to allocate 1585152 bytes) in /data/release/web/product/cqssc_v1/web/application/Portal/Dev/bin/task/core/windup.php on line 33
